<?xml version="1.0" encoding="UTF-8"?>
<!-- Generated by org.testng.reporters.JUnitXMLReporter -->
<testsuite hostname="LAPTOP-38VJHH8C" ignored="0" name="TC004_AnnotationsConcept" tests="2" failures="0" timestamp="28 Dec 2021 02:03:33 GMT" time="0.032" errors="0">
  <testcase name="bookTickets" time="0.002" classname="smokeSuite.TC004_AnnotationsConcept"/>
  <testcase name="cancelTickets" time="0.0" classname="smokeSuite.TC004_AnnotationsConcept"/>
</testsuite> <!-- TC004_AnnotationsConcept -->
