<?xml version="1.0" encoding="UTF-8"?>
<!-- Generated by org.testng.reporters.JUnitXMLReporter -->
<testsuite hostname="LAPTOP-38VJHH8C" ignored="0" name=" DisplayMessages Test" tests="2" failures="0" timestamp="22 Dec 2021 06:13:21 GMT" time="0.035" errors="0">
  <testcase name="dispalyName" time="0.009" classname="testNGConcepts.TC001_DisplayMessages"/>
  <testcase name="displayMessage" time="0.001" classname="testNGConcepts.TC001_DisplayMessages"/>
</testsuite> <!--  DisplayMessages Test -->
