<?xml version="1.0" encoding="UTF-8"?>
<!-- Generated by org.testng.reporters.JUnitXMLReporter -->
<testsuite hostname="LAPTOP-38VJHH8C" ignored="0" name="TC002_TestCasesPriority" tests="3" failures="0" timestamp="28 Dec 2021 02:02:49 GMT" time="0.006" errors="0">
  <testcase name="login" time="0.0" classname="regressionSuit.TC002_TestCasesPriority"/>
  <testcase name="bookTickets" time="0.001" classname="regressionSuit.TC002_TestCasesPriority"/>
  <testcase name="logout" time="0.001" classname="regressionSuit.TC002_TestCasesPriority"/>
</testsuite> <!-- TC002_TestCasesPriority -->
