<?xml version="1.0" encoding="UTF-8"?>
<!-- Generated by org.testng.reporters.JUnitXMLReporter -->
<testsuite hostname="LAPTOP-38VJHH8C" ignored="0" name="TC001_DisplayMessages" tests="2" failures="0" timestamp="28 Dec 2021 02:02:49 GMT" time="0.037" errors="0">
  <testcase name="dispalyName" time="0.007" classname="regressionSuit.TC001_DisplayMessages"/>
  <testcase name="displayMessage" time="0.001" classname="regressionSuit.TC001_DisplayMessages"/>
</testsuite> <!-- TC001_DisplayMessages -->
