<?xml version="1.0" encoding="UTF-8"?>
<!-- Generated by org.testng.reporters.JUnitXMLReporter -->
<testsuite hostname="LAPTOP-38VJHH8C" ignored="0" name=" TestCasesPriority Test" tests="3" failures="0" timestamp="22 Dec 2021 06:13:31 GMT" time="0.009" errors="0">
  <testcase name="login" time="0.003" classname="testNGConcepts.TC002_TestCasesPriority"/>
  <testcase name="bookTickets" time="0.002" classname="testNGConcepts.TC002_TestCasesPriority"/>
  <testcase name="logout" time="0.0" classname="testNGConcepts.TC002_TestCasesPriority"/>
</testsuite> <!--  TestCasesPriority Test -->
