<?xml version="1.0" encoding="UTF-8"?>
<testng-results skipped="0" failed="0" ignored="0" total="1" passed="1">
  <reporter-output>
  </reporter-output>
  <suite name="Default suite" duration-ms="2156" started-at="2021-12-28T05:45:36Z" finished-at="2021-12-28T05:45:38Z">
    <groups>
    </groups>
    <test name="Default test" duration-ms="2156" started-at="2021-12-28T05:45:36Z" finished-at="2021-12-28T05:45:38Z">
      <class name="testNGConcepts.TC014_PropertiesConcept">
        <test-method status="PASS" signature="setup()[pri:0, instance:testNGConcepts.TC014_PropertiesConcept@126e945]" name="setup" duration-ms="2137" started-at="2021-12-28T05:45:36Z" finished-at="2021-12-28T05:45:38Z">
          <reporter-output>
          </reporter-output>
        </test-method> <!-- setup -->
      </class> <!-- testNGConcepts.TC014_PropertiesConcept -->
    </test> <!-- Default test -->
  </suite> <!-- Default suite -->
</testng-results>
